=============================
Fecha/hora 2022-02-14 16:35:40.
Mensaje:Finalizo la función consulta.
Parametros:{"idHistory":null,"idLog":null,"customer":null,"cargue":null,"capacidad_pago":null}.
=============================
Fecha/hora 2022-02-14 16:40:14.
Mensaje:Finalizo la función consulta.
Parametros:{"idHistory":2039,"idLog":2079,"customer":25162653,"cargue":1330,"capacidad_pago":null}.
=============================
Fecha/hora 2022-02-14 16:49:09.
Mensaje:Finalizo la función consulta.
Parametros:{"idHistory":2041,"idLog":2081,"customer":55163054,"cargue":1330,"capacidad_pago":null}.
=============================
Fecha/hora 2022-02-14 16:54:32.
Mensaje:Finalizo la función consulta.
Parametros:{"idHistory":2043,"idLog":2083,"customer":1014251668,"cargue":1330,"capacidad_pago":null}.
=============================
Fecha/hora 2022-02-14 16:56:19.
Mensaje:Finalizo la función consulta.
Parametros:{"idHistory":2044,"idLog":2084,"customer":1014251668,"cargue":1330,"capacidad_pago":null}.
=============================
Fecha/hora 2022-02-14 16:59:30.
Mensaje:Finalizo la función consulta.
Parametros:{"idHistory":2045,"idLog":2085,"customer":30328189,"cargue":1330,"capacidad_pago":null}.
