=============================
Fecha/hora 2022-02-08 12:01:18.
Mensaje:Finalizo la función consulta.
Parametros:{"idHistory":null,"idLog":false,"customer":null,"cargue":null,"capacidad_pago":null}.
=============================
Fecha/hora 2022-02-08 12:01:24.
Mensaje:Finalizo la función consulta.
Parametros:{"idHistory":1894,"idLog":1933,"customer":null,"cargue":null,"capacidad_pago":null}.
=============================
Fecha/hora 2022-02-08 12:11:07.
Mensaje:Finalizo la función consulta.
Parametros:{"idHistory":null,"idLog":false,"customer":null,"cargue":null,"capacidad_pago":null}.
=============================
Fecha/hora 2022-02-08 12:16:46.
Mensaje:Finalizo la función consulta.
Parametros:{"idHistory":null,"idLog":false,"customer":null,"cargue":null,"capacidad_pago":null}.
=============================
Fecha/hora 2022-02-08 12:17:38.
Mensaje:Finalizo la función consulta.
Parametros:{"idHistory":null,"idLog":false,"customer":null,"cargue":null,"capacidad_pago":null}.
=============================
Fecha/hora 2022-02-08 12:18:35.
Mensaje:Finalizo la función consulta.
Parametros:{"idHistory":null,"idLog":false,"customer":null,"cargue":null,"capacidad_pago":null}.
=============================
Fecha/hora 2022-02-08 12:26:38.
Mensaje:Finalizo la función consulta.
Parametros:{"idHistory":null,"idLog":false,"customer":null,"cargue":null,"capacidad_pago":null}.
=============================
Fecha/hora 2022-02-08 12:56:27.
Mensaje:Finalizo la función consulta.
Parametros:{"idHistory":null,"idLog":false,"customer":null,"cargue":null,"capacidad_pago":null}.
=============================
Fecha/hora 2022-02-08 12:57:33.
Mensaje:Finalizo la función consulta.
Parametros:{"idHistory":null,"idLog":false,"customer":null,"cargue":null,"capacidad_pago":null}.
