=============================
Fecha/hora 2022-02-08 11:23:23.
Mensaje:Finalizo la función consulta.
Parametros:{"idHistory":null,"idLog":false,"customer":null,"cargue":null,"capacidad_pago":null}.
=============================
Fecha/hora 2022-02-08 11:23:57.
Mensaje:Finalizo la función consulta.
Parametros:{"idHistory":1889,"idLog":1928,"customer":5,"cargue":1330,"capacidad_pago":null}.
=============================
Fecha/hora 2022-02-08 11:32:07.
Mensaje:Finalizo la función consulta.
Parametros:{"idHistory":1890,"idLog":1929,"customer":5,"cargue":1330,"capacidad_pago":null}.
=============================
Fecha/hora 2022-02-08 11:48:48.
Mensaje:Finalizo la función consulta.
Parametros:{"idHistory":1891,"idLog":1930,"customer":5,"cargue":1330,"capacidad_pago":null}.
=============================
Fecha/hora 2022-02-08 11:52:26.
Mensaje:Finalizo la función consulta.
Parametros:{"idHistory":1892,"idLog":1931,"customer":5,"cargue":1330,"capacidad_pago":null}.
