=============================
Fecha/hora 2022-02-08 10:09:15.
Mensaje:Finalizo la función consulta.
Parametros:{"idHistory":1883,"idLog":1922,"customer":5,"cargue":1330,"capacidad_pago":null}.
=============================
Fecha/hora 2022-02-08 10:14:13.
Mensaje:Finalizo la función consulta.
Parametros:{"idHistory":1884,"idLog":1923,"customer":5,"cargue":1330,"capacidad_pago":null}.
=============================
Fecha/hora 2022-02-08 10:25:53.
Mensaje:Finalizo la función consulta.
Parametros:{"idHistory":null,"idLog":false,"customer":null,"cargue":null,"capacidad_pago":null}.
=============================
Fecha/hora 2022-02-08 10:33:55.
Mensaje:Finalizo la función consulta.
Parametros:{"idHistory":null,"idLog":false,"customer":null,"cargue":null,"capacidad_pago":null}.
=============================
Fecha/hora 2022-02-08 10:36:41.
Mensaje:Finalizo la función consulta.
Parametros:{"idHistory":null,"idLog":false,"customer":null,"cargue":null,"capacidad_pago":null}.
=============================
Fecha/hora 2022-02-08 10:37:38.
Mensaje:Finalizo la función consulta.
Parametros:{"idHistory":null,"idLog":false,"customer":null,"cargue":null,"capacidad_pago":null}.
=============================
Fecha/hora 2022-02-08 10:42:24.
Mensaje:Finalizo la función consulta.
Parametros:{"idHistory":null,"idLog":false,"customer":null,"cargue":null,"capacidad_pago":null}.
=============================
Fecha/hora 2022-02-08 10:44:10.
Mensaje:Finalizo la función consulta.
Parametros:{"idHistory":null,"idLog":false,"customer":null,"cargue":null,"capacidad_pago":null}.
=============================
Fecha/hora 2022-02-08 10:44:18.
Mensaje:Finalizo la función consulta.
Parametros:{"idHistory":1887,"idLog":1926,"customer":5,"cargue":1330,"capacidad_pago":null}.
=============================
Fecha/hora 2022-02-08 10:47:20.
Mensaje:Finalizo la función consulta.
Parametros:{"idHistory":1888,"idLog":1927,"customer":1,"cargue":1330,"capacidad_pago":null}.
