=============================
Fecha/hora 2022-02-21 16:47:22.
Mensaje:Finalizo la función consulta.
Parametros:{"idHistory":null,"idLog":false,"customer":null,"cargue":null,"capacidad_pago":null}.
=============================
Fecha/hora 2022-02-21 16:47:27.
Mensaje:Finalizo la función consulta.
Parametros:{"idHistory":null,"idLog":2752,"customer":null,"cargue":null,"capacidad_pago":null}.
=============================
Fecha/hora 2022-02-21 16:52:28.
Mensaje:Finalizo la función consulta.
Parametros:{"idHistory":2775,"idLog":2755,"customer":588153,"cargue":1330,"capacidad_pago":null}.
=============================
Fecha/hora 2022-02-21 16:54:39.
Mensaje:Finalizo la función consulta.
Parametros:{"idHistory":2776,"idLog":2756,"customer":588153,"cargue":1330,"capacidad_pago":null}.
=============================
Fecha/hora 2022-02-21 16:55:26.
Mensaje:Finalizo la función de generar una oferta de negociación.
Parametros:{"idHistory":2776,"idLog":2756,"customer":588153,"cargue":1330,"capacidad_pago":"9782434"}.
=============================
Fecha/hora 2022-02-21 16:55:52.
Mensaje:Finaliza la función de Resumen de creditos.
Parametros:{"idHistory":2776,"idLog":2756,"customer":588153,"cargue":1330,"capacidad_pago":"9782434"}.
=============================
Fecha/hora 2022-02-21 16:56:26.
Mensaje:Finaliza la función de finalizar negociación.
Parametros:{"idHistory":2776,"idLog":2756,"customer":588153,"cargue":1330,"capacidad_pago":"9782434"}.
=============================
Fecha/hora 2022-02-21 16:56:29.
Mensaje:Finalizo la función consulta.
Parametros:{"idHistory":null,"idLog":false,"customer":null,"cargue":null,"capacidad_pago":null}.
=============================
Fecha/hora 2022-02-21 16:56:39.
Mensaje:Finalizo la función consulta.
Parametros:{"idHistory":2777,"idLog":2757,"customer":588153,"cargue":1330,"capacidad_pago":null}.
