2022-02-15 10:00:01; 00:00:00.118; Declinada; Conteo Normalizacion; AppController; updateHistory; 2116;
2022-02-15 10:00:01; 00:00:00.103; Declinada; EliminarHistoryDetails; AppController; updateHistory; 2116;
2022-02-15 10:00:03; 00:00:01.1314; Declinada; Guardar History; AppController; updateHistory; 2116;
2022-02-15 10:00:04; 00:00:00.111; Declinada; Conteo logTransactional; logTransactional; PersistenceLogsTransactional; 2116;
2022-02-15 10:00:05; 00:00:00.111; Declinada; Eliminar logTransactional; logTransactional; PersistenceLogsTransactional; 2116;
2022-02-15 10:00:05; 00:00:00.548; Declinada; Insertar logTransactional; logTransactional; PersistenceLogsTransactional; 2116;
2022-02-15 10:00:05; 00:00:06.6061; Evaluar Oferta; Funcion completa; BaseObligationsController; evaluar; 2116;
2022-02-15 10:00:07; 00:00:00.76; Renderisar una Oferta; Funcion completa; BaseObligationsController; oferta; 2116;
2022-02-15 10:02:48; 00:00:00.351; Consulta; InsertLog; AppController; Log; 2117;
2022-02-15 10:02:50; 00:00:00.98; Declinada; Conteo logTransactional; logTransactional; PersistenceLogsTransactional; 2117;
2022-02-15 10:02:51; 00:00:00.567; Declinada; Insertar logTransactional; logTransactional; PersistenceLogsTransactional; 2117;
2022-02-15 10:02:51; 00:00:00.772; Consulta; InsertHistory; AppController; createHistory; 2117;
2022-02-15 10:02:51; 00:00:04.4845; Consulta; Funcion completa; BaseCustomersController; consult; 2117;
2022-02-15 10:03:05; 00:00:00.120; Declinada; Conteo Normalizacion; AppController; updateHistory; 2117;
2022-02-15 10:03:05; 00:00:00.122; Declinada; EliminarHistoryDetails; AppController; updateHistory; 2117;
2022-02-15 10:03:07; 00:00:01.1297; Declinada; Guardar History; AppController; updateHistory; 2117;
2022-02-15 10:03:09; 00:00:00.93; Declinada; Conteo logTransactional; logTransactional; PersistenceLogsTransactional; 2117;
2022-02-15 10:03:09; 00:00:00.93; Declinada; Eliminar logTransactional; logTransactional; PersistenceLogsTransactional; 2117;
2022-02-15 10:03:09; 00:00:00.553; Declinada; Insertar logTransactional; logTransactional; PersistenceLogsTransactional; 2117;
2022-02-15 10:03:09; 00:00:06.6248; Evaluar Oferta; Funcion completa; BaseObligationsController; evaluar; 2117;
2022-02-15 10:03:11; 00:00:00.68; Renderisar una Oferta; Funcion completa; BaseObligationsController; oferta; 2117;
2022-02-15 10:04:03; 00:00:00.306; Consulta; InsertLog; AppController; Log; 2118;
2022-02-15 10:04:06; 00:00:00.105; Declinada; Conteo logTransactional; logTransactional; PersistenceLogsTransactional; 2118;
2022-02-15 10:04:06; 00:00:00.526; Declinada; Insertar logTransactional; logTransactional; PersistenceLogsTransactional; 2118;
2022-02-15 10:04:06; 00:00:00.748; Consulta; InsertHistory; AppController; createHistory; 2118;
2022-02-15 10:04:06; 00:00:04.4615; Consulta; Funcion completa; BaseCustomersController; consult; 2118;
2022-02-15 10:04:14; 00:00:00.104; Declinada; Conteo Normalizacion; AppController; updateHistory; 2118;
2022-02-15 10:04:14; 00:00:00.100; Declinada; EliminarHistoryDetails; AppController; updateHistory; 2118;
2022-02-15 10:04:16; 00:00:01.1207; Declinada; Guardar History; AppController; updateHistory; 2118;
2022-02-15 10:04:17; 00:00:00.107; Declinada; Conteo logTransactional; logTransactional; PersistenceLogsTransactional; 2118;
2022-02-15 10:04:17; 00:00:00.107; Declinada; Eliminar logTransactional; logTransactional; PersistenceLogsTransactional; 2118;
2022-02-15 10:04:18; 00:00:00.485; Declinada; Insertar logTransactional; logTransactional; PersistenceLogsTransactional; 2118;
2022-02-15 10:04:18; 00:00:05.5504; Evaluar Oferta; Funcion completa; BaseObligationsController; evaluar; 2118;
2022-02-15 10:04:19; 00:00:00.66; Renderisar una Oferta; Funcion completa; BaseObligationsController; oferta; 2118;
2022-02-15 10:05:50; 00:00:00.346; Consulta; InsertLog; AppController; Log; 2119;
2022-02-15 10:05:52; 00:00:00.122; Declinada; Conteo logTransactional; logTransactional; PersistenceLogsTransactional; 2119;
2022-02-15 10:05:53; 00:00:00.536; Declinada; Insertar logTransactional; logTransactional; PersistenceLogsTransactional; 2119;
2022-02-15 10:05:53; 00:00:00.748; Consulta; InsertHistory; AppController; createHistory; 2119;
2022-02-15 10:05:53; 00:00:04.4781; Consulta; Funcion completa; BaseCustomersController; consult; 2119;
2022-02-15 10:06:05; 00:00:00.95; Declinada; Conteo Normalizacion; AppController; updateHistory; 2119;
2022-02-15 10:06:05; 00:00:00.93; Declinada; EliminarHistoryDetails; AppController; updateHistory; 2119;
2022-02-15 10:06:07; 00:00:01.1356; Declinada; Guardar History; AppController; updateHistory; 2119;
2022-02-15 10:06:09; 00:00:00.138; Declinada; Conteo logTransactional; logTransactional; PersistenceLogsTransactional; 2119;
2022-02-15 10:06:09; 00:00:00.138; Declinada; Eliminar logTransactional; logTransactional; PersistenceLogsTransactional; 2119;
2022-02-15 10:06:09; 00:00:00.541; Declinada; Insertar logTransactional; logTransactional; PersistenceLogsTransactional; 2119;
2022-02-15 10:06:09; 00:00:05.5982; Evaluar Oferta; Funcion completa; BaseObligationsController; evaluar; 2119;
2022-02-15 10:06:11; 00:00:00.62; Renderisar una Oferta; Funcion completa; BaseObligationsController; oferta; 2119;
2022-02-15 10:06:57; 00:00:00.352; Consulta; InsertLog; AppController; Log; 2120;
2022-02-15 10:07:03; 00:00:00.89; Declinada; Conteo logTransactional; logTransactional; PersistenceLogsTransactional; 2120;
2022-02-15 10:07:09; 00:00:05.5227; Declinada; Insertar logTransactional; logTransactional; PersistenceLogsTransactional; 2120;
2022-02-15 10:07:09; 00:00:04.4731; Consulta; InsertHistory; AppController; createHistory; 2120;
2022-02-15 10:07:09; 00:00:18.18696; Consulta; Funcion completa; BaseCustomersController; consult; 2120;
2022-02-15 10:09:12; 00:00:00.98; Declinada; Conteo Normalizacion; AppController; updateHistory; 2120;
2022-02-15 10:09:12; 00:00:00.111; Declinada; Conteo PunishedPortfolios; AppController; updateHistory; 2120;
2022-02-15 10:09:12; 00:00:00.97; Declinada; EliminarHistoryDetails; AppController; updateHistory; 2120;
2022-02-15 10:09:18; 00:00:05.5822; Declinada; Guardar History; AppController; updateHistory; 2120;
2022-02-15 10:09:20; 00:00:00.109; Declinada; Conteo logTransactional; logTransactional; PersistenceLogsTransactional; 2120;
2022-02-15 10:09:20; 00:00:00.109; Declinada; Eliminar logTransactional; logTransactional; PersistenceLogsTransactional; 2120;
2022-02-15 10:09:26; 00:00:05.5585; Declinada; Insertar logTransactional; logTransactional; PersistenceLogsTransactional; 2120;
2022-02-15 10:09:26; 00:00:19.19388; Evaluar Oferta; Funcion completa; BaseObligationsController; evaluar; 2120;
2022-02-15 10:09:27; 00:00:00.79; Renderisar una Oferta; Funcion completa; BaseObligationsController; oferta; 2120;
2022-02-15 10:10:24; 00:00:00.393; Consulta; InsertLog; AppController; Log; 2121;
2022-02-15 10:10:26; 00:00:00.114; Declinada; Conteo logTransactional; logTransactional; PersistenceLogsTransactional; 2121;
2022-02-15 10:10:27; 00:00:00.516; Declinada; Insertar logTransactional; logTransactional; PersistenceLogsTransactional; 2121;
2022-02-15 10:10:27; 00:00:00.702; Consulta; InsertHistory; AppController; createHistory; 2121;
2022-02-15 10:10:27; 00:00:04.4800; Consulta; Funcion completa; BaseCustomersController; consult; 2121;
2022-02-15 10:11:07; 00:00:00.114; Declinada; Conteo Normalizacion; AppController; updateHistory; 2121;
2022-02-15 10:11:07; 00:00:00.124; Declinada; EliminarHistoryDetails; AppController; updateHistory; 2121;
2022-02-15 10:11:08; 00:00:01.1300; Declinada; Guardar History; AppController; updateHistory; 2121;
2022-02-15 10:11:10; 00:00:00.110; Declinada; Conteo logTransactional; logTransactional; PersistenceLogsTransactional; 2121;
2022-02-15 10:11:10; 00:00:00.110; Declinada; Eliminar logTransactional; logTransactional; PersistenceLogsTransactional; 2121;
2022-02-15 10:11:11; 00:00:00.527; Declinada; Insertar logTransactional; logTransactional; PersistenceLogsTransactional; 2121;
2022-02-15 10:11:11; 00:00:05.5394; Evaluar Oferta; Funcion completa; BaseObligationsController; evaluar; 2121;
2022-02-15 10:11:12; 00:00:00.70; Renderisar una Oferta; Funcion completa; BaseObligationsController; oferta; 2121;
2022-02-15 10:45:23; 00:00:00.292; Consulta; InsertLog; AppController; Log; 2127;
2022-02-15 10:45:25; 00:00:00.88; Declinada; Conteo logTransactional; logTransactional; PersistenceLogsTransactional; 2127;
2022-02-15 10:45:26; 00:00:00.489; Declinada; Insertar logTransactional; logTransactional; PersistenceLogsTransactional; 2127;
2022-02-15 10:45:26; 00:00:00.726; Consulta; InsertHistory; AppController; createHistory; 2127;
2022-02-15 10:45:26; 00:00:04.4663; Consulta; Funcion completa; BaseCustomersController; consult; 2127;
2022-02-15 10:45:42; 00:00:00.86; Declinada; Conteo Normalizacion; AppController; updateHistory; 2127;
2022-02-15 10:45:42; 00:00:00.88; Declinada; EliminarHistoryDetails; AppController; updateHistory; 2127;
2022-02-15 10:45:43; 00:00:01.1251; Declinada; Guardar History; AppController; updateHistory; 2127;
2022-02-15 10:45:45; 00:00:00.98; Declinada; Conteo logTransactional; logTransactional; PersistenceLogsTransactional; 2127;
2022-02-15 10:45:45; 00:00:00.98; Declinada; Eliminar logTransactional; logTransactional; PersistenceLogsTransactional; 2127;
2022-02-15 10:45:46; 00:00:00.544; Declinada; Insertar logTransactional; logTransactional; PersistenceLogsTransactional; 2127;
2022-02-15 10:45:46; 00:00:05.5265; Evaluar Oferta; Funcion completa; BaseObligationsController; evaluar; 2127;
2022-02-15 10:45:47; 00:00:00.64; Renderisar una Oferta; Funcion completa; BaseObligationsController; oferta; 2127;
2022-02-15 10:47:00; 00:00:00.349; Consulta; InsertLog; AppController; Log; 2130;
2022-02-15 10:47:02; 00:00:00.97; Declinada; Conteo logTransactional; logTransactional; PersistenceLogsTransactional; 2130;
2022-02-15 10:47:03; 00:00:00.523; Declinada; Insertar logTransactional; logTransactional; PersistenceLogsTransactional; 2130;
2022-02-15 10:47:03; 00:00:00.673; Consulta; InsertHistory; AppController; createHistory; 2130;
2022-02-15 10:47:03; 00:00:04.4313; Consulta; Funcion completa; BaseCustomersController; consult; 2130;
2022-02-15 10:47:32; 00:00:00.101; Declinada; Conteo Normalizacion; AppController; updateHistory; 2130;
2022-02-15 10:47:33; 00:00:00.102; Declinada; EliminarHistoryDetails; AppController; updateHistory; 2130;
2022-02-15 10:47:34; 00:00:01.1228; Declinada; Guardar History; AppController; updateHistory; 2130;
2022-02-15 10:47:36; 00:00:00.111; Declinada; Conteo logTransactional; logTransactional; PersistenceLogsTransactional; 2130;
2022-02-15 10:47:36; 00:00:00.111; Declinada; Eliminar logTransactional; logTransactional; PersistenceLogsTransactional; 2130;
2022-02-15 10:47:36; 00:00:00.509; Declinada; Insertar logTransactional; logTransactional; PersistenceLogsTransactional; 2130;
2022-02-15 10:47:37; 00:00:05.5223; Evaluar Oferta; Funcion completa; BaseObligationsController; evaluar; 2130;
2022-02-15 10:47:38; 00:00:00.72; Renderisar una Oferta; Funcion completa; BaseObligationsController; oferta; 2130;
2022-02-15 10:49:33; 00:00:00.332; Consulta; InsertLog; AppController; Log; 2133;
2022-02-15 10:49:36; 00:00:00.90; Declinada; Conteo logTransactional; logTransactional; PersistenceLogsTransactional; 2133;
2022-02-15 10:49:36; 00:00:00.489; Declinada; Insertar logTransactional; logTransactional; PersistenceLogsTransactional; 2133;
2022-02-15 10:49:36; 00:00:00.763; Consulta; InsertHistory; AppController; createHistory; 2133;
2022-02-15 10:49:36; 00:00:04.4372; Consulta; Funcion completa; BaseCustomersController; consult; 2133;
2022-02-15 10:49:49; 00:00:00.92; Declinada; Conteo Normalizacion; AppController; updateHistory; 2133;
2022-02-15 10:49:49; 00:00:00.94; Declinada; EliminarHistoryDetails; AppController; updateHistory; 2133;
2022-02-15 10:49:51; 00:00:01.1202; Declinada; Guardar History; AppController; updateHistory; 2133;
2022-02-15 10:49:52; 00:00:00.89; Declinada; Conteo logTransactional; logTransactional; PersistenceLogsTransactional; 2133;
2022-02-15 10:49:52; 00:00:00.89; Declinada; Eliminar logTransactional; logTransactional; PersistenceLogsTransactional; 2133;
2022-02-15 10:49:53; 00:00:00.501; Declinada; Insertar logTransactional; logTransactional; PersistenceLogsTransactional; 2133;
2022-02-15 10:49:53; 00:00:04.4872; Evaluar Oferta; Funcion completa; BaseObligationsController; evaluar; 2133;
2022-02-15 10:49:54; 00:00:00.50; Renderisar una Oferta; Funcion completa; BaseObligationsController; oferta; 2133;
2022-02-15 10:55:47; 00:00:01.1461; Consulta; InsertLog; AppController; Log; 2143;
2022-02-15 10:55:52; 00:00:00.474; Declinada; Conteo logTransactional; logTransactional; PersistenceLogsTransactional; 2143;
2022-02-15 10:55:52; 00:00:00.490; Declinada; Insertar logTransactional; logTransactional; PersistenceLogsTransactional; 2143;
2022-02-15 10:55:52; 00:00:01.1620; Consulta; InsertHistory; AppController; createHistory; 2143;
2022-02-15 10:55:53; 00:00:12.12588; Consulta; Funcion completa; BaseCustomersController; consult; 2143;
2022-02-15 10:56:04; 00:00:00.86; Declinada; Conteo Normalizacion; AppController; updateHistory; 2143;
2022-02-15 10:56:04; 00:00:00.80; Declinada; EliminarHistoryDetails; AppController; updateHistory; 2143;
2022-02-15 10:56:06; 00:00:01.1235; Declinada; Guardar History; AppController; updateHistory; 2143;
2022-02-15 10:56:07; 00:00:00.98; Declinada; Conteo logTransactional; logTransactional; PersistenceLogsTransactional; 2143;
2022-02-15 10:56:07; 00:00:00.98; Declinada; Eliminar logTransactional; logTransactional; PersistenceLogsTransactional; 2143;
2022-02-15 10:56:08; 00:00:00.408; Declinada; Insertar logTransactional; logTransactional; PersistenceLogsTransactional; 2143;
2022-02-15 10:56:08; 00:00:05.5338; Evaluar Oferta; Funcion completa; BaseObligationsController; evaluar; 2143;
2022-02-15 10:56:09; 00:00:00.66; Renderisar una Oferta; Funcion completa; BaseObligationsController; oferta; 2143;
