=============================
Fecha/hora 2022-02-15 09:01:28.
Mensaje:Finalizo la función consulta.
Parametros:{"idHistory":2054,"idLog":2094,"customer":5,"cargue":1330,"capacidad_pago":null}.
=============================
Fecha/hora 2022-02-15 09:02:07.
Mensaje:Finalizo la función consulta.
Parametros:{"idHistory":null,"idLog":false,"customer":null,"cargue":null,"capacidad_pago":null}.
=============================
Fecha/hora 2022-02-15 09:02:17.
Mensaje:Finalizo la función consulta.
Parametros:{"idHistory":2055,"idLog":2095,"customer":5,"cargue":1330,"capacidad_pago":null}.
=============================
Fecha/hora 2022-02-15 09:02:52.
Mensaje:Finalizo la función de generar una oferta de negociación.
Parametros:{"idHistory":2055,"idLog":2095,"customer":5,"cargue":1330,"capacidad_pago":"500000"}.
=============================
Fecha/hora 2022-02-15 09:03:05.
Mensaje:Finalizo la función consulta.
Parametros:{"idHistory":2056,"idLog":2096,"customer":5,"cargue":1330,"capacidad_pago":null}.
=============================
Fecha/hora 2022-02-15 09:03:26.
Mensaje:Finalizo la función de generar una oferta de negociación.
Parametros:{"idHistory":2056,"idLog":2096,"customer":5,"cargue":1330,"capacidad_pago":"500000"}.
=============================
Fecha/hora 2022-02-15 09:05:05.
Mensaje:Finalizo la función consulta.
Parametros:{"idHistory":2057,"idLog":2097,"customer":5,"cargue":1330,"capacidad_pago":null}.
=============================
Fecha/hora 2022-02-15 09:05:19.
Mensaje:Finalizo la función de generar una oferta de negociación.
Parametros:{"idHistory":2057,"idLog":2097,"customer":5,"cargue":1330,"capacidad_pago":"500000"}.
=============================
Fecha/hora 2022-02-15 09:07:01.
Mensaje:Finalizo la función consulta.
Parametros:{"idHistory":null,"idLog":false,"customer":null,"cargue":null,"capacidad_pago":null}.
=============================
Fecha/hora 2022-02-15 09:07:05.
Mensaje:Finalizo la función consulta.
Parametros:{"idHistory":null,"idLog":false,"customer":null,"cargue":null,"capacidad_pago":null}.
=============================
Fecha/hora 2022-02-15 09:07:10.
Mensaje:Finalizo la función consulta.
Parametros:{"idHistory":2058,"idLog":2098,"customer":5,"cargue":1330,"capacidad_pago":null}.
=============================
Fecha/hora 2022-02-15 09:07:38.
Mensaje:Finalizo la función de generar una oferta de negociación.
Parametros:{"idHistory":2058,"idLog":2098,"customer":5,"cargue":1330,"capacidad_pago":"500000"}.
=============================
Fecha/hora 2022-02-15 09:30:41.
Mensaje:Finalizo la función consulta.
Parametros:{"idHistory":null,"idLog":false,"customer":null,"cargue":null,"capacidad_pago":null}.
=============================
Fecha/hora 2022-02-15 09:30:49.
Mensaje:Finalizo la función consulta.
Parametros:{"idHistory":2060,"idLog":2100,"customer":1048286421,"cargue":1330,"capacidad_pago":null}.
=============================
Fecha/hora 2022-02-15 09:31:47.
Mensaje:Finalizo la función de generar una oferta de negociación.
Parametros:{"idHistory":2060,"idLog":2100,"customer":1048286421,"cargue":1330,"capacidad_pago":"1000000"}.
=============================
Fecha/hora 2022-02-15 09:33:33.
Mensaje:Finalizo la función consulta.
Parametros:{"idHistory":2061,"idLog":2101,"customer":1048286421,"cargue":1330,"capacidad_pago":null}.
=============================
Fecha/hora 2022-02-15 09:33:48.
Mensaje:Finalizo la función de generar una oferta de negociación.
Parametros:{"idHistory":2061,"idLog":2101,"customer":1048286421,"cargue":1330,"capacidad_pago":"1000000"}.
=============================
Fecha/hora 2022-02-15 09:34:23.
Mensaje:Finalizo la función consulta.
Parametros:{"idHistory":2062,"idLog":2102,"customer":1048286421,"cargue":1330,"capacidad_pago":null}.
=============================
Fecha/hora 2022-02-15 09:35:10.
Mensaje:Finalizo la función consulta.
Parametros:{"idHistory":null,"idLog":false,"customer":null,"cargue":null,"capacidad_pago":null}.
=============================
Fecha/hora 2022-02-15 09:35:16.
Mensaje:Finalizo la función consulta.
Parametros:{"idHistory":2065,"idLog":2105,"customer":1048286421,"cargue":1330,"capacidad_pago":null}.
=============================
Fecha/hora 2022-02-15 09:35:32.
Mensaje:Finalizo la función de generar una oferta de negociación.
Parametros:{"idHistory":2065,"idLog":2105,"customer":1048286421,"cargue":1330,"capacidad_pago":"1000000"}.
=============================
Fecha/hora 2022-02-15 09:46:58.
Mensaje:Finalizo la función consulta.
Parametros:{"idHistory":null,"idLog":false,"customer":null,"cargue":null,"capacidad_pago":null}.
=============================
Fecha/hora 2022-02-15 09:47:05.
Mensaje:Finalizo la función consulta.
Parametros:{"idHistory":2070,"idLog":2110,"customer":1048286421,"cargue":1330,"capacidad_pago":null}.
=============================
Fecha/hora 2022-02-15 09:47:22.
Mensaje:Finalizo la función de generar una oferta de negociación.
Parametros:{"idHistory":2070,"idLog":2110,"customer":1048286421,"cargue":1330,"capacidad_pago":"1000000"}.
=============================
Fecha/hora 2022-02-15 09:50:49.
Mensaje:Finalizo la función consulta.
Parametros:{"idHistory":2071,"idLog":2111,"customer":1048286421,"cargue":1330,"capacidad_pago":null}.
=============================
Fecha/hora 2022-02-15 09:51:04.
Mensaje:Finalizo la función de generar una oferta de negociación.
Parametros:{"idHistory":2071,"idLog":2111,"customer":1048286421,"cargue":1330,"capacidad_pago":"1000000"}.
=============================
Fecha/hora 2022-02-15 09:52:40.
Mensaje:Finalizo la función consulta.
Parametros:{"idHistory":2072,"idLog":2112,"customer":1048286421,"cargue":1330,"capacidad_pago":null}.
=============================
Fecha/hora 2022-02-15 09:52:56.
Mensaje:Finalizo la función de generar una oferta de negociación.
Parametros:{"idHistory":2072,"idLog":2112,"customer":1048286421,"cargue":1330,"capacidad_pago":"1000000"}.
=============================
Fecha/hora 2022-02-15 09:55:24.
Mensaje:Finalizo la función consulta.
Parametros:{"idHistory":2073,"idLog":2113,"customer":1048286421,"cargue":1330,"capacidad_pago":null}.
=============================
Fecha/hora 2022-02-15 09:55:25.
Mensaje:Finalizo la función consulta.
Parametros:{"idHistory":null,"idLog":false,"customer":null,"cargue":null,"capacidad_pago":null}.
=============================
Fecha/hora 2022-02-15 09:55:34.
Mensaje:Finalizo la función consulta.
Parametros:{"idHistory":2074,"idLog":2114,"customer":1048286421,"cargue":1330,"capacidad_pago":null}.
=============================
Fecha/hora 2022-02-15 09:55:51.
Mensaje:Finalizo la función de generar una oferta de negociación.
Parametros:{"idHistory":2074,"idLog":2114,"customer":1048286421,"cargue":1330,"capacidad_pago":"1000000"}.
=============================
Fecha/hora 2022-02-15 09:58:15.
Mensaje:Finalizo la función consulta.
Parametros:{"idHistory":2075,"idLog":2115,"customer":1048286421,"cargue":1330,"capacidad_pago":null}.
=============================
Fecha/hora 2022-02-15 09:58:28.
Mensaje:Finalizo la función de generar una oferta de negociación.
Parametros:{"idHistory":2075,"idLog":2115,"customer":1048286421,"cargue":1330,"capacidad_pago":"1000000"}.
=============================
Fecha/hora 2022-02-15 09:59:53.
Mensaje:Finalizo la función consulta.
Parametros:{"idHistory":2076,"idLog":2116,"customer":1048286421,"cargue":1330,"capacidad_pago":null}.
