=============================
Fecha/hora 2022-02-15 10:00:07.
Mensaje:Finalizo la función de generar una oferta de negociación.
Parametros:{"idHistory":2076,"idLog":2116,"customer":1048286421,"cargue":1330,"capacidad_pago":"1000000"}.
=============================
Fecha/hora 2022-02-15 10:02:51.
Mensaje:Finalizo la función consulta.
Parametros:{"idHistory":2077,"idLog":2117,"customer":1048286421,"cargue":1330,"capacidad_pago":null}.
=============================
Fecha/hora 2022-02-15 10:03:11.
Mensaje:Finalizo la función de generar una oferta de negociación.
Parametros:{"idHistory":2077,"idLog":2117,"customer":1048286421,"cargue":1330,"capacidad_pago":"1000000"}.
=============================
Fecha/hora 2022-02-15 10:04:06.
Mensaje:Finalizo la función consulta.
Parametros:{"idHistory":2078,"idLog":2118,"customer":1048286421,"cargue":1330,"capacidad_pago":null}.
=============================
Fecha/hora 2022-02-15 10:04:19.
Mensaje:Finalizo la función de generar una oferta de negociación.
Parametros:{"idHistory":2078,"idLog":2118,"customer":1048286421,"cargue":1330,"capacidad_pago":"1000000"}.
=============================
Fecha/hora 2022-02-15 10:05:53.
Mensaje:Finalizo la función consulta.
Parametros:{"idHistory":2079,"idLog":2119,"customer":1048286421,"cargue":1330,"capacidad_pago":null}.
=============================
Fecha/hora 2022-02-15 10:06:11.
Mensaje:Finalizo la función de generar una oferta de negociación.
Parametros:{"idHistory":2079,"idLog":2119,"customer":1048286421,"cargue":1330,"capacidad_pago":"1000000"}.
=============================
Fecha/hora 2022-02-15 10:07:09.
Mensaje:Finalizo la función consulta.
Parametros:{"idHistory":2080,"idLog":2120,"customer":1,"cargue":1330,"capacidad_pago":null}.
=============================
Fecha/hora 2022-02-15 10:09:27.
Mensaje:Finalizo la función de generar una oferta de negociación.
Parametros:{"idHistory":2080,"idLog":2120,"customer":1,"cargue":1330,"capacidad_pago":"50000000"}.
=============================
Fecha/hora 2022-02-15 10:10:27.
Mensaje:Finalizo la función consulta.
Parametros:{"idHistory":2081,"idLog":2121,"customer":1048286421,"cargue":1330,"capacidad_pago":null}.
=============================
Fecha/hora 2022-02-15 10:11:12.
Mensaje:Finalizo la función de generar una oferta de negociación.
Parametros:{"idHistory":2081,"idLog":2121,"customer":1048286421,"cargue":1330,"capacidad_pago":"1300000"}.
=============================
Fecha/hora 2022-02-15 10:45:15.
Mensaje:Finalizo la función consulta.
Parametros:{"idHistory":null,"idLog":false,"customer":null,"cargue":null,"capacidad_pago":null}.
=============================
Fecha/hora 2022-02-15 10:45:26.
Mensaje:Finalizo la función consulta.
Parametros:{"idHistory":2087,"idLog":2127,"customer":1048286421,"cargue":1330,"capacidad_pago":null}.
=============================
Fecha/hora 2022-02-15 10:45:47.
Mensaje:Finalizo la función de generar una oferta de negociación.
Parametros:{"idHistory":2087,"idLog":2127,"customer":1048286421,"cargue":1330,"capacidad_pago":"1300000"}.
=============================
Fecha/hora 2022-02-15 10:47:03.
Mensaje:Finalizo la función consulta.
Parametros:{"idHistory":2090,"idLog":2130,"customer":1048286421,"cargue":1330,"capacidad_pago":null}.
=============================
Fecha/hora 2022-02-15 10:47:38.
Mensaje:Finalizo la función de generar una oferta de negociación.
Parametros:{"idHistory":2090,"idLog":2130,"customer":1048286421,"cargue":1330,"capacidad_pago":"1300000"}.
=============================
Fecha/hora 2022-02-15 10:49:36.
Mensaje:Finalizo la función consulta.
Parametros:{"idHistory":2093,"idLog":2133,"customer":1048286421,"cargue":1330,"capacidad_pago":null}.
=============================
Fecha/hora 2022-02-15 10:49:54.
Mensaje:Finalizo la función de generar una oferta de negociación.
Parametros:{"idHistory":2093,"idLog":2133,"customer":1048286421,"cargue":1330,"capacidad_pago":"1300000"}.
=============================
Fecha/hora 2022-02-15 10:55:53.
Mensaje:Finalizo la función consulta.
Parametros:{"idHistory":2103,"idLog":2143,"customer":1048286421,"cargue":1330,"capacidad_pago":null}.
=============================
Fecha/hora 2022-02-15 10:56:09.
Mensaje:Finalizo la función de generar una oferta de negociación.
Parametros:{"idHistory":2103,"idLog":2143,"customer":1048286421,"cargue":1330,"capacidad_pago":"1300000"}.
