=============================
Fecha/hora 2022-02-15 11:00:26.
Mensaje:Finalizo la función consulta.
Parametros:{"idHistory":2109,"idLog":2149,"customer":1048286421,"cargue":1330,"capacidad_pago":null}.
=============================
Fecha/hora 2022-02-15 11:01:08.
Mensaje:Finalizo la función de generar una oferta de negociación.
Parametros:{"idHistory":2109,"idLog":2149,"customer":1048286421,"cargue":1330,"capacidad_pago":"1300000"}.
=============================
Fecha/hora 2022-02-15 11:06:45.
Mensaje:Finalizo la función consulta.
Parametros:{"idHistory":2111,"idLog":2151,"customer":1048286421,"cargue":1330,"capacidad_pago":null}.
=============================
Fecha/hora 2022-02-15 11:06:58.
Mensaje:Finalizo la función de generar una oferta de negociación.
Parametros:{"idHistory":2111,"idLog":2151,"customer":1048286421,"cargue":1330,"capacidad_pago":"1300000"}.
=============================
Fecha/hora 2022-02-15 11:08:49.
Mensaje:Finalizo la función consulta.
Parametros:{"idHistory":2113,"idLog":2153,"customer":1020321612,"cargue":1330,"capacidad_pago":null}.
=============================
Fecha/hora 2022-02-15 11:09:19.
Mensaje:Finalizo la función de generar una oferta de negociación.
Parametros:{"idHistory":2113,"idLog":2153,"customer":1020321612,"cargue":1330,"capacidad_pago":"1000000"}.
=============================
Fecha/hora 2022-02-15 11:11:19.
Mensaje:Finalizo la función consulta.
Parametros:{"idHistory":2114,"idLog":2154,"customer":1020321612,"cargue":1330,"capacidad_pago":null}.
=============================
Fecha/hora 2022-02-15 11:11:36.
Mensaje:Finalizo la función de generar una oferta de negociación.
Parametros:{"idHistory":2114,"idLog":2154,"customer":1020321612,"cargue":1330,"capacidad_pago":"1000000"}.
=============================
Fecha/hora 2022-02-15 11:16:38.
Mensaje:Finalizo la función consulta.
Parametros:{"idHistory":2115,"idLog":2155,"customer":1020321612,"cargue":1330,"capacidad_pago":null}.
=============================
Fecha/hora 2022-02-15 11:16:52.
Mensaje:Finalizo la función de generar una oferta de negociación.
Parametros:{"idHistory":2115,"idLog":2155,"customer":1020321612,"cargue":1330,"capacidad_pago":"1000000"}.
=============================
Fecha/hora 2022-02-15 11:17:35.
Mensaje:Finalizo la función consulta.
Parametros:{"idHistory":2116,"idLog":2156,"customer":1048286421,"cargue":1330,"capacidad_pago":null}.
=============================
Fecha/hora 2022-02-15 11:17:53.
Mensaje:Finalizo la función de generar una oferta de negociación.
Parametros:{"idHistory":2116,"idLog":2156,"customer":1048286421,"cargue":1330,"capacidad_pago":"1000000"}.
=============================
Fecha/hora 2022-02-15 11:18:09.
Mensaje:Finalizo la función consulta.
Parametros:{"idHistory":2117,"idLog":2157,"customer":1048286421,"cargue":1330,"capacidad_pago":null}.
=============================
Fecha/hora 2022-02-15 11:18:50.
Mensaje:Finalizo la función de generar una oferta de negociación.
Parametros:{"idHistory":2117,"idLog":2157,"customer":1048286421,"cargue":1330,"capacidad_pago":"1300000"}.
=============================
Fecha/hora 2022-02-15 11:20:15.
Mensaje:Finalizo la función consulta.
Parametros:{"idHistory":2118,"idLog":2158,"customer":1,"cargue":1330,"capacidad_pago":null}.
=============================
Fecha/hora 2022-02-15 11:20:48.
Mensaje:Finalizo la función de generar una oferta de negociación.
Parametros:{"idHistory":2118,"idLog":2158,"customer":1,"cargue":1330,"capacidad_pago":"50000000"}.
=============================
Fecha/hora 2022-02-15 11:22:25.
Mensaje:Finaliza la función de Resumen de creditos.
Parametros:{"idHistory":2118,"idLog":2158,"customer":1,"cargue":1330,"capacidad_pago":"50000000"}.
=============================
Fecha/hora 2022-02-15 11:41:17.
Mensaje:Finalizo la función consulta.
Parametros:{"idHistory":2120,"idLog":2160,"customer":1048286421,"cargue":1330,"capacidad_pago":null}.
=============================
Fecha/hora 2022-02-15 11:41:36.
Mensaje:Finalizo la función de generar una oferta de negociación.
Parametros:{"idHistory":2120,"idLog":2160,"customer":1048286421,"cargue":1330,"capacidad_pago":"1000000"}.
