=============================
Fecha/hora 2022-02-10 16:17:57.
Mensaje:Finalizo la función consulta.
Parametros:{"idHistory":1968,"idLog":2008,"customer":22000130,"cargue":1330,"capacidad_pago":null}.
=============================
Fecha/hora 2022-02-10 16:19:35.
Mensaje:Finalizo la función de generar una oferta de negociación.
Parametros:{"idHistory":1968,"idLog":2008,"customer":22000130,"cargue":1330,"capacidad_pago":"1000000"}.
=============================
Fecha/hora 2022-02-10 16:19:53.
Mensaje:Finaliza la función de Resumen de creditos.
Parametros:{"idHistory":1968,"idLog":2008,"customer":22000130,"cargue":1330,"capacidad_pago":"1000000"}.
=============================
Fecha/hora 2022-02-10 16:20:26.
Mensaje:Finaliza la función de finalizar negociación.
Parametros:{"idHistory":1968,"idLog":2008,"customer":22000130,"cargue":1330,"capacidad_pago":"1000000"}.
=============================
Fecha/hora 2022-02-10 16:20:39.
Mensaje:Finalizo la función consulta.
Parametros:{"idHistory":null,"idLog":null,"customer":null,"cargue":null,"capacidad_pago":null}.
