=============================
Fecha/hora 2022-02-10 13:35:39.
Mensaje:Finalizo la función consulta.
Parametros:{"idHistory":null,"idLog":null,"customer":null,"cargue":null,"capacidad_pago":null}.
=============================
Fecha/hora 2022-02-10 13:35:46.
Mensaje:Finalizo la función consulta.
Parametros:{"idHistory":1962,"idLog":2000,"customer":41542958,"cargue":1330,"capacidad_pago":null}.
=============================
Fecha/hora 2022-02-10 13:36:21.
Mensaje:Finalizo la función de generar una oferta de negociación.
Parametros:{"idHistory":1962,"idLog":2000,"customer":41542958,"cargue":1330,"capacidad_pago":"1000000"}.
=============================
Fecha/hora 2022-02-10 13:36:26.
Mensaje:Finaliza la función de Resumen de creditos.
Parametros:{"idHistory":1962,"idLog":2000,"customer":41542958,"cargue":1330,"capacidad_pago":"1000000"}.
=============================
Fecha/hora 2022-02-10 13:36:39.
Mensaje:Finalizo la función consulta.
Parametros:{"idHistory":null,"idLog":null,"customer":null,"cargue":null,"capacidad_pago":null}.
=============================
Fecha/hora 2022-02-10 13:37:03.
Mensaje:Finalizo la función consulta.
Parametros:{"idHistory":null,"idLog":null,"customer":null,"cargue":null,"capacidad_pago":null}.
=============================
Fecha/hora 2022-02-10 13:37:35.
Mensaje:Finaliza la función de Aceptar comite.
Parametros:{"idHistory":1962,"idLog":2000,"customer":41542958,"capacidad_pago":1000000}.
