=============================
Fecha/hora 2022-02-22 14:00:22.
Mensaje:Finalizo la función consulta.
Parametros:{"idHistory":2800,"idLog":2785,"customer":588153,"cargue":1330,"capacidad_pago":null}.
=============================
Fecha/hora 2022-02-22 14:00:57.
Mensaje:Finalizo la función de generar una oferta de negociación.
Parametros:{"idHistory":2800,"idLog":2785,"customer":588153,"cargue":1330,"capacidad_pago":"10000000"}.
=============================
Fecha/hora 2022-02-22 14:01:38.
Mensaje:Finaliza la función de Resumen de creditos.
Parametros:{"idHistory":2800,"idLog":2785,"customer":588153,"cargue":1330,"capacidad_pago":"10000000"}.
=============================
Fecha/hora 2022-02-22 14:05:03.
Mensaje:Finalizo la función consulta.
Parametros:{"idHistory":2801,"idLog":2786,"customer":588153,"cargue":1330,"capacidad_pago":null}.
=============================
Fecha/hora 2022-02-22 14:05:17.
Mensaje:Finalizo la función de generar una oferta de negociación.
Parametros:{"idHistory":2801,"idLog":2786,"customer":588153,"cargue":1330,"capacidad_pago":"10000000"}.
=============================
Fecha/hora 2022-02-22 14:05:20.
Mensaje:Finaliza la función de Resumen de creditos.
Parametros:{"idHistory":2801,"idLog":2786,"customer":588153,"cargue":1330,"capacidad_pago":"10000000"}.
=============================
Fecha/hora 2022-02-22 14:12:28.
Mensaje:Finalizo la función consulta.
Parametros:{"idHistory":2802,"idLog":2787,"customer":588153,"cargue":1330,"capacidad_pago":null}.
=============================
Fecha/hora 2022-02-22 14:13:37.
Mensaje:Finalizo la función de generar una oferta de negociación.
Parametros:{"idHistory":2802,"idLog":2787,"customer":588153,"cargue":1330,"capacidad_pago":"10000000"}.
=============================
Fecha/hora 2022-02-22 14:14:09.
Mensaje:Finaliza la función de Resumen de creditos.
Parametros:{"idHistory":2802,"idLog":2787,"customer":588153,"cargue":1330,"capacidad_pago":"10000000"}.
=============================
Fecha/hora 2022-02-22 14:17:13.
Mensaje:Finalizo la función consulta.
Parametros:{"idHistory":2803,"idLog":2788,"customer":588153,"cargue":1330,"capacidad_pago":null}.
=============================
Fecha/hora 2022-02-22 14:18:02.
Mensaje:Finalizo la función de generar una oferta de negociación.
Parametros:{"idHistory":2803,"idLog":2788,"customer":588153,"cargue":1330,"capacidad_pago":"10000000"}.
=============================
Fecha/hora 2022-02-22 14:18:29.
Mensaje:Finaliza la función de Resumen de creditos.
Parametros:{"idHistory":2803,"idLog":2788,"customer":588153,"cargue":1330,"capacidad_pago":"10000000"}.
=============================
Fecha/hora 2022-02-22 14:21:39.
Mensaje:Finalizo la función consulta.
Parametros:{"idHistory":2804,"idLog":2789,"customer":588153,"cargue":1330,"capacidad_pago":null}.
=============================
Fecha/hora 2022-02-22 14:22:01.
Mensaje:Finalizo la función de generar una oferta de negociación.
Parametros:{"idHistory":2804,"idLog":2789,"customer":588153,"cargue":1330,"capacidad_pago":"10000000"}.
=============================
Fecha/hora 2022-02-22 14:22:04.
Mensaje:Finaliza la función de Resumen de creditos.
Parametros:{"idHistory":2804,"idLog":2789,"customer":588153,"cargue":1330,"capacidad_pago":"10000000"}.
=============================
Fecha/hora 2022-02-22 14:31:50.
Mensaje:Finalizo la función consulta.
Parametros:{"idHistory":2805,"idLog":2790,"customer":588153,"cargue":1330,"capacidad_pago":null}.
=============================
Fecha/hora 2022-02-22 14:33:24.
Mensaje:Finalizo la función de generar una oferta de negociación.
Parametros:{"idHistory":2805,"idLog":2790,"customer":588153,"cargue":1330,"capacidad_pago":"10000000"}.
=============================
Fecha/hora 2022-02-22 14:33:27.
Mensaje:Finaliza la función de Resumen de creditos.
Parametros:{"idHistory":2805,"idLog":2790,"customer":588153,"cargue":1330,"capacidad_pago":"10000000"}.
=============================
Fecha/hora 2022-02-22 14:39:00.
Mensaje:Finalizo la función consulta.
Parametros:{"idHistory":2806,"idLog":2791,"customer":588153,"cargue":1330,"capacidad_pago":null}.
=============================
Fecha/hora 2022-02-22 14:39:16.
Mensaje:Finalizo la función de generar una oferta de negociación.
Parametros:{"idHistory":2806,"idLog":2791,"customer":588153,"cargue":1330,"capacidad_pago":"10000000"}.
=============================
Fecha/hora 2022-02-22 14:39:19.
Mensaje:Finaliza la función de Resumen de creditos.
Parametros:{"idHistory":2806,"idLog":2791,"customer":588153,"cargue":1330,"capacidad_pago":"10000000"}.
=============================
Fecha/hora 2022-02-22 14:40:25.
Mensaje:Finalizo la función consulta.
Parametros:{"idHistory":2807,"idLog":2792,"customer":588153,"cargue":1330,"capacidad_pago":null}.
=============================
Fecha/hora 2022-02-22 14:40:40.
Mensaje:Finalizo la función de generar una oferta de negociación.
Parametros:{"idHistory":2807,"idLog":2792,"customer":588153,"cargue":1330,"capacidad_pago":"10000000"}.
=============================
Fecha/hora 2022-02-22 14:40:44.
Mensaje:Finaliza la función de Resumen de creditos.
Parametros:{"idHistory":2807,"idLog":2792,"customer":588153,"cargue":1330,"capacidad_pago":"10000000"}.
=============================
Fecha/hora 2022-02-22 14:43:56.
Mensaje:Finalizo la función consulta.
Parametros:{"idHistory":2808,"idLog":2793,"customer":588153,"cargue":1330,"capacidad_pago":null}.
=============================
Fecha/hora 2022-02-22 14:44:12.
Mensaje:Finalizo la función de generar una oferta de negociación.
Parametros:{"idHistory":2808,"idLog":2793,"customer":588153,"cargue":1330,"capacidad_pago":"10000000"}.
=============================
Fecha/hora 2022-02-22 14:44:14.
Mensaje:Finaliza la función de Resumen de creditos.
Parametros:{"idHistory":2808,"idLog":2793,"customer":588153,"cargue":1330,"capacidad_pago":"10000000"}.
